-- Journal begins at Fri 2020-01-17 19:10:39 IST, ends at Thu 2021-01-14 22:25:29 IST. --
Jan 14 22:23:41 aserver kernel: ACPI BIOS Error (bug): Failure creating named object [\_SB.PCI0.XHC.RHUB.GPLD], AE_ALREADY_EXISTS (20200925/dswload2-326)
Jan 14 22:23:41 aserver kernel: ACPI Error: AE_ALREADY_EXISTS, During name lookup/catalog (20200925/psobject-220)
Jan 14 22:23:41 aserver kernel: ACPI BIOS Error (bug): Failure creating named object [\_SB.PCI0.XHC.RHUB.TPLD], AE_ALREADY_EXISTS (20200925/dswload2-326)
Jan 14 22:23:41 aserver kernel: ACPI Error: AE_ALREADY_EXISTS, During name lookup/catalog (20200925/psobject-220)
Jan 14 22:23:41 aserver kernel: ACPI BIOS Error (bug): Failure creating named object [\_SB.PCI0.XHC.RHUB.GUPC], AE_ALREADY_EXISTS (20200925/dswload2-326)
Jan 14 22:23:41 aserver kernel: ACPI Error: AE_ALREADY_EXISTS, During name lookup/catalog (20200925/psobject-220)
Jan 14 22:23:41 aserver kernel: ACPI BIOS Error (bug): Failure creating named object [\_SB.PCI0.XHC.RHUB.TUPC], AE_ALREADY_EXISTS (20200925/dswload2-326)
Jan 14 22:23:41 aserver kernel: ACPI Error: AE_ALREADY_EXISTS, During name lookup/catalog (20200925/psobject-220)
Jan 14 22:23:41 aserver kernel: ACPI BIOS Error (bug): Failure creating named object [\_SB.PCI0.XHC.RHUB.HS01._UPC], AE_ALREADY_EXISTS (20200925/dswload2-326)
Jan 14 22:23:41 aserver kernel: ACPI Error: AE_ALREADY_EXISTS, During name lookup/catalog (20200925/psobject-220)
Jan 14 22:23:41 aserver kernel: ACPI BIOS Error (bug): Failure creating named object [\_SB.PCI0.XHC.RHUB.HS01._PLD], AE_ALREADY_EXISTS (20200925/dswload2-326)
Jan 14 22:23:41 aserver kernel: ACPI Error: AE_ALREADY_EXISTS, During name lookup/catalog (20200925/psobject-220)
Jan 14 22:23:41 aserver kernel: ACPI BIOS Error (bug): Could not resolve symbol [\_SB.PCI0.RP05.PXSX.WIST], AE_NOT_FOUND (20200925/psargs-330)
Jan 14 22:23:41 aserver kernel: ACPI Error: Aborting method \_SB.PCI0.XHC.RHUB.CNDP due to previous error (AE_NOT_FOUND) (20200925/psparse-529)
Jan 14 22:23:41 aserver kernel: ACPI Error: Aborting method \ due to previous error (AE_NOT_FOUND) (20200925/psparse-529)
Jan 14 22:23:41 aserver kernel: ACPI Error: Invalid zero thread count in method (20200925/dsmethod-774)
Jan 14 22:23:41 aserver kernel: ACPI Error: Invalid OwnerId: 0x000 (20200925/utownerid-156)
Jan 14 22:23:41 aserver kernel: ACPI Error: AE_NOT_FOUND, (SSDT:ACRPRDCT) while loading table (20200925/tbxfload-189)
Jan 14 22:23:41 aserver kernel: ACPI Error: 1 table load failures, 12 successful (20200925/tbxfload-208)
Jan 14 22:23:41 aserver systemd-modules-load[276]: Failed to find module 'vboxdrv'
Jan 14 22:23:41 aserver systemd-modules-load[276]: Failed to find module 'vboxnetadp'
Jan 14 22:23:41 aserver systemd-modules-load[276]: Failed to find module 'vboxnetflt'
Jan 14 22:23:41 aserver systemd-modules-load[276]: Failed to find module 'vboxdrv'
Jan 14 22:23:41 aserver systemd-modules-load[276]: Failed to find module 'vboxnetadp'
Jan 14 22:23:41 aserver systemd-modules-load[276]: Failed to find module 'vboxnetflt'
Jan 14 22:23:42 aserver kernel: sof-audio-pci 0000:00:1f.3: error: request firmware intel/sof/sof-cnl.ri failed err: -2
Jan 14 22:23:42 aserver kernel: sof-audio-pci 0000:00:1f.3: error: failed to load DSP firmware -2
Jan 14 22:23:42 aserver kernel: sof-audio-pci 0000:00:1f.3: error: sof_probe_work failed err: -2
Jan 14 22:23:44 aserver kernel: sd 16:0:0:0: [sda] No Caching mode page found
Jan 14 22:23:44 aserver kernel: sd 16:0:0:0: [sda] Assuming drive cache: write through
Jan 14 22:23:49 aserver bluetoothd[814]: Failed to set mode: Blocked through rfkill (0x12)
Jan 14 22:23:56 aserver gdm-password][1385]: gkr-pam: unable to locate daemon control file
Jan 14 22:24:11 aserver systemd[1745]: Failed to start Dunst notification daemon.
