This is pdfTeX, Version 3.14159265-2.6-1.40.20 (TeX Live 2019/Arch Linux) (preloaded format=pdflatex 2020.2.19)  23 MAR 2020 19:27
entering extended mode
 restricted \write18 enabled.
 %&-line parsing enabled.
**assignment_os.tex
(./assignment_os.tex
LaTeX2e <2019-10-01> patch level 1
(/usr/share/texmf-dist/tex/latex/base/article.cls
Document Class: article 2019/08/27 v1.4j Standard LaTeX document class
(/usr/share/texmf-dist/tex/latex/base/size11.clo
File: size11.clo 2019/08/27 v1.4j Standard LaTeX file (size option)
)
\c@part=\count80
\c@section=\count81
\c@subsection=\count82
\c@subsubsection=\count83
\c@paragraph=\count84
\c@subparagraph=\count85
\c@figure=\count86
\c@table=\count87
\abovecaptionskip=\skip41
\belowcaptionskip=\skip42
\bibindent=\dimen102
)
(/usr/share/texmf-dist/tex/latex/titlesec/titlesec.sty
Package: titlesec 2019/10/16 v2.13 Sectioning titles
\ttl@box=\box27
\beforetitleunit=\skip43
\aftertitleunit=\skip44
\ttl@plus=\dimen103
\ttl@minus=\dimen104
\ttl@toksa=\toks14
\titlewidth=\dimen105
\titlewidthlast=\dimen106
\titlewidthfirst=\dimen107
)
(/usr/share/texmf-dist/tex/latex/graphics/graphicx.sty
Package: graphicx 2017/06/01 v1.1a Enhanced LaTeX Graphics (DPC,SPQR)

(/usr/share/texmf-dist/tex/latex/graphics/keyval.sty
Package: keyval 2014/10/28 v1.15 key=value parser (DPC)
\KV@toks@=\toks15
)
(/usr/share/texmf-dist/tex/latex/graphics/graphics.sty
Package: graphics 2019/10/08 v1.3c Standard LaTeX Graphics (DPC,SPQR)

(/usr/share/texmf-dist/tex/latex/graphics/trig.sty
Package: trig 2016/01/03 v1.10 sin cos tan (DPC)
)
(/usr/share/texmf-dist/tex/latex/graphics-cfg/graphics.cfg
File: graphics.cfg 2016/06/04 v1.11 sample graphics configuration
)
Package graphics Info: Driver file: pdftex.def on input line 105.

(/usr/share/texmf-dist/tex/latex/graphics-def/pdftex.def
File: pdftex.def 2018/01/08 v1.0l Graphics/color driver for pdftex
))
\Gin@req@height=\dimen108
\Gin@req@width=\dimen109
)
(/usr/share/texmf-dist/tex/latex/float/float.sty
Package: float 2001/11/08 v1.3d Float enhancements (AL)
\c@float@type=\count88
\float@exts=\toks16
\float@box=\box28
\@float@everytoks=\toks17
\@floatcapt=\box29
)
(/usr/share/texmf-dist/tex/latex/xcolor/xcolor.sty
Package: xcolor 2016/05/11 v2.12 LaTeX color extensions (UK)

(/usr/share/texmf-dist/tex/latex/graphics-cfg/color.cfg
File: color.cfg 2016/01/02 v1.6 sample color configuration
)
Package xcolor Info: Driver file: pdftex.def on input line 225.
Package xcolor Info: Model `cmy' substituted by `cmy0' on input line 1348.
Package xcolor Info: Model `hsb' substituted by `rgb' on input line 1352.
Package xcolor Info: Model `RGB' extended on input line 1364.
Package xcolor Info: Model `HTML' substituted by `rgb' on input line 1366.
Package xcolor Info: Model `Hsb' substituted by `hsb' on input line 1367.
Package xcolor Info: Model `tHsb' substituted by `hsb' on input line 1368.
Package xcolor Info: Model `HSB' substituted by `hsb' on input line 1369.
Package xcolor Info: Model `Gray' substituted by `gray' on input line 1370.
Package xcolor Info: Model `wave' substituted by `hsb' on input line 1371.
)
(/usr/share/texmf-dist/tex/latex/tools/indentfirst.sty
Package: indentfirst 1995/11/23 v1.03 Indent first paragraph (DPC)
)
(/usr/share/texmf-dist/tex/latex/tools/array.sty
Package: array 2019/08/31 v2.4l Tabular extension package (FMi)
\col@sep=\dimen110
\ar@mcellbox=\box30
\extrarowheight=\dimen111
\NC@list=\toks18
\extratabsurround=\skip45
\backup@length=\skip46
\ar@cellbox=\box31
)
(/usr/share/texmf-dist/tex/latex/setspace/setspace.sty
Package: setspace 2011/12/19 v6.7a set line spacing
)
(/usr/share/texmf-dist/tex/latex/enumitem/enumitem.sty
Package: enumitem 2019/06/20 v3.9 Customized lists
\labelindent=\skip47
\enit@outerparindent=\dimen112
\enit@toks=\toks19
\enit@inbox=\box32
\enit@count@id=\count89
\enitdp@description=\count90
)
(/usr/share/texmf-dist/tex/latex/base/inputenc.sty
Package: inputenc 2018/08/11 v1.3c Input encoding file
\inpenc@prehook=\toks20
\inpenc@posthook=\toks21
) (./assignment_os.aux)
\openout1 = `assignment_os.aux'.

LaTeX Font Info:    Checking defaults for OML/cmm/m/it on input line 18.
LaTeX Font Info:    ... okay on input line 18.
LaTeX Font Info:    Checking defaults for T1/cmr/m/n on input line 18.
LaTeX Font Info:    ... okay on input line 18.
LaTeX Font Info:    Checking defaults for OT1/cmr/m/n on input line 18.
LaTeX Font Info:    ... okay on input line 18.
LaTeX Font Info:    Checking defaults for OMS/cmsy/m/n on input line 18.
LaTeX Font Info:    ... okay on input line 18.
LaTeX Font Info:    Checking defaults for OMX/cmex/m/n on input line 18.
LaTeX Font Info:    ... okay on input line 18.
LaTeX Font Info:    Checking defaults for U/cmr/m/n on input line 18.
LaTeX Font Info:    ... okay on input line 18.

(/usr/share/texmf-dist/tex/context/base/mkii/supp-pdf.mkii
[Loading MPS to PDF converter (version 2006.09.02).]
\scratchcounter=\count91
\scratchdimen=\dimen113
\scratchbox=\box33
\nofMPsegments=\count92
\nofMParguments=\count93
\everyMPshowfont=\toks22
\MPscratchCnt=\count94
\MPscratchDim=\dimen114
\MPnumerator=\count95
\makeMPintoPDFobject=\count96
\everyMPtoPDFconversion=\toks23
) (/usr/share/texmf-dist/tex/latex/oberdiek/epstopdf-base.sty
Package: epstopdf-base 2016/05/15 v2.6 Base part for package epstopdf

(/usr/share/texmf-dist/tex/generic/oberdiek/infwarerr.sty
Package: infwarerr 2016/05/16 v1.4 Providing info/warning/error messages (HO)
)
(/usr/share/texmf-dist/tex/latex/oberdiek/grfext.sty
Package: grfext 2016/05/16 v1.2 Manage graphics extensions (HO)

(/usr/share/texmf-dist/tex/generic/oberdiek/kvdefinekeys.sty
Package: kvdefinekeys 2016/05/16 v1.4 Define keys (HO)

(/usr/share/texmf-dist/tex/generic/oberdiek/ltxcmds.sty
Package: ltxcmds 2016/05/16 v1.23 LaTeX kernel commands for general use (HO)
)))
(/usr/share/texmf-dist/tex/latex/oberdiek/kvoptions.sty
Package: kvoptions 2016/05/16 v3.12 Key value format for package options (HO)

(/usr/share/texmf-dist/tex/generic/oberdiek/kvsetkeys.sty
Package: kvsetkeys 2016/05/16 v1.17 Key value parser (HO)

(/usr/share/texmf-dist/tex/generic/oberdiek/etexcmds.sty
Package: etexcmds 2016/05/16 v1.6 Avoid name clashes with e-TeX commands (HO)

(/usr/share/texmf-dist/tex/generic/oberdiek/ifluatex.sty
Package: ifluatex 2016/05/16 v1.4 Provides the ifluatex switch (HO)
Package ifluatex Info: LuaTeX not detected.
))))
(/usr/share/texmf-dist/tex/generic/oberdiek/pdftexcmds.sty
Package: pdftexcmds 2019/07/25 v0.30 Utility functions of pdfTeX for LuaTeX (HO
)

(/usr/share/texmf-dist/tex/generic/oberdiek/ifpdf.sty
Package: ifpdf 2018/09/07 v3.3 Provides the ifpdf switch
)
Package pdftexcmds Info: LuaTeX not detected.
Package pdftexcmds Info: \pdf@primitive is available.
Package pdftexcmds Info: \pdf@ifprimitive is available.
Package pdftexcmds Info: \pdfdraftmode found.
)
Package epstopdf-base Info: Redefining graphics rule for `.eps' on input line 4
38.
Package grfext Info: Graphics extension search list:
(grfext)             [.pdf,.png,.jpg,.mps,.jpeg,.jbig2,.jb2,.PDF,.PNG,.JPG,.JPE
G,.JBIG2,.JB2,.eps]
(grfext)             \AppendGraphicsExtensions on input line 456.

(/usr/share/texmf-dist/tex/latex/latexconfig/epstopdf-sys.cfg
File: epstopdf-sys.cfg 2010/07/13 v1.3 Configuration of (r)epstopdf for TeX Liv
e
))
LaTeX Font Info:    External font `cmex10' loaded for size
(Font)              <12> on input line 20.
LaTeX Font Info:    External font `cmex10' loaded for size
(Font)              <8> on input line 20.
LaTeX Font Info:    External font `cmex10' loaded for size
(Font)              <6> on input line 20.

(./assignment_os.toc
LaTeX Font Info:    External font `cmex10' loaded for size
(Font)              <10.95> on input line 7.
)
\tf@toc=\write3
\openout3 = `assignment_os.toc'.

 (./assignment_os.lot [1

{/var/lib/texmf/fonts/map/pdftex/updmap/pdftex.map}])
\tf@lot=\write4
\openout4 = `assignment_os.lot'.

 (./assignment_os.lof)
\tf@lof=\write5
\openout5 = `assignment_os.lof'.

 [2]
Overfull \hbox (8.60071pt too wide) in paragraph at lines 52--69
[][] 
 []

<images/red_images/q1i1.jpg, id=14, 1204.5pt x 903.375pt>
File: images/red_images/q1i1.jpg Graphic file (type jpg)
<use images/red_images/q1i1.jpg>
Package pdftex.def Info: images/red_images/q1i1.jpg  used on input line 75.
(pdftex.def)             Requested size: 216.0022pt x 161.99397pt.
<images/red_images/q1i2.jpg, id=15, 1204.5pt x 903.375pt>
File: images/red_images/q1i2.jpg Graphic file (type jpg)
<use images/red_images/q1i2.jpg>
Package pdftex.def Info: images/red_images/q1i2.jpg  used on input line 80.
(pdftex.def)             Requested size: 360.0pt x 269.99455pt.
[1

 <./images/red_images/q1i1.jpg>] [2 <./images/red_images/q1i2.jpg>]
Underfull \hbox (badness 10000) in paragraph at lines 103--103
[]|\OT1/cmr/bx/n/10.95 Execution
 []


Overfull \hbox (8.60071pt too wide) in paragraph at lines 101--114
[][] 
 []

<images/red_images/q2i1.jpg, id=22, 1204.5pt x 903.375pt>
File: images/red_images/q2i1.jpg Graphic file (type jpg)
<use images/red_images/q2i1.jpg>
Package pdftex.def Info: images/red_images/q2i1.jpg  used on input line 120.
(pdftex.def)             Requested size: 216.0022pt x 161.99397pt.
<images/red_images/q2i2.jpg, id=23, 1204.5pt x 903.375pt>
File: images/red_images/q2i2.jpg Graphic file (type jpg)
<use images/red_images/q2i2.jpg>
Package pdftex.def Info: images/red_images/q2i2.jpg  used on input line 126.
(pdftex.def)             Requested size: 360.0pt x 269.99455pt.
[3

 <./images/red_images/q2i1.jpg>] [4 <./images/red_images/q2i2.jpg>]
Overfull \hbox (4.75075pt too wide) in paragraph at lines 140--153
[][] 
 []

<images/red_images/q3i1.jpg, id=30, 1204.5pt x 903.375pt>
File: images/red_images/q3i1.jpg Graphic file (type jpg)
<use images/red_images/q3i1.jpg>
Package pdftex.def Info: images/red_images/q3i1.jpg  used on input line 159.
(pdftex.def)             Requested size: 360.0pt x 269.99455pt.
[5

 <./images/red_images/q3i1.jpg>]
Overfull \hbox (8.60071pt too wide) in paragraph at lines 173--186
[][] 
 []

<images/red_images/q4i1.jpg, id=35, 1204.5pt x 903.375pt>
File: images/red_images/q4i1.jpg Graphic file (type jpg)
<use images/red_images/q4i1.jpg>
Package pdftex.def Info: images/red_images/q4i1.jpg  used on input line 199.
(pdftex.def)             Requested size: 251.9989pt x 188.99756pt.
<images/red_images/q4i2.jpg, id=36, 1204.5pt x 903.375pt>
File: images/red_images/q4i2.jpg Graphic file (type jpg)
<use images/red_images/q4i2.jpg>
Package pdftex.def Info: images/red_images/q4i2.jpg  used on input line 205.
(pdftex.def)             Requested size: 360.0pt x 269.99455pt.
[6

 <./images/red_images/q4i1.jpg>] [7 <./images/red_images/q4i2.jpg>]
Overfull \hbox (4.75075pt too wide) in paragraph at lines 218--231
[][] 
 []

<images/red_images/q5i1.jpg, id=43, 1204.5pt x 903.375pt>
File: images/red_images/q5i1.jpg Graphic file (type jpg)
<use images/red_images/q5i1.jpg>
Package pdftex.def Info: images/red_images/q5i1.jpg  used on input line 241.
(pdftex.def)             Requested size: 323.9978pt x 242.99095pt.
[8

 <./images/red_images/q5i1.jpg>] [9

]
<images/red_images/q6i1.jpg, id=51, 1204.5pt x 903.375pt>
File: images/red_images/q6i1.jpg Graphic file (type jpg)
<use images/red_images/q6i1.jpg>
Package pdftex.def Info: images/red_images/q6i1.jpg  used on input line 285.
(pdftex.def)             Requested size: 360.0pt x 269.99455pt.
<images/red_images/q6i2.jpg, id=52, 1204.5pt x 903.375pt>
File: images/red_images/q6i2.jpg Graphic file (type jpg)
<use images/red_images/q6i2.jpg>
Package pdftex.def Info: images/red_images/q6i2.jpg  used on input line 291.
(pdftex.def)             Requested size: 431.9989pt x 324.00172pt.
 [10 <./images/red_images/q6i1.jpg>]
[11 <./images/red_images/q6i2.jpg>]
LaTeX Font Info:    Trying to load font information for OML+cmr on input line 4
00.

(/usr/share/texmf-dist/tex/latex/base/omlcmr.fd
File: omlcmr.fd 2014/09/29 v2.5h Standard LaTeX font definitions
)
LaTeX Font Info:    Font shape `OML/cmr/bx/n' in size <10.95> not available
(Font)              Font shape `OML/cmm/b/it' tried instead on input line 400.
<images/red_images/q7i1.jpg, id=60, 1204.5pt x 903.375pt>
File: images/red_images/q7i1.jpg Graphic file (type jpg)
<use images/red_images/q7i1.jpg>
Package pdftex.def Info: images/red_images/q7i1.jpg  used on input line 408.
(pdftex.def)             Requested size: 360.0pt x 269.99455pt.
<images/red_images/q7i2.jpg, id=61, 1204.5pt x 903.375pt>
File: images/red_images/q7i2.jpg Graphic file (type jpg)
<use images/red_images/q7i2.jpg>
Package pdftex.def Info: images/red_images/q7i2.jpg  used on input line 414.
(pdftex.def)             Requested size: 540.0pt x 405.0125pt.

Overfull \hbox (45.0125pt too wide) in paragraph at lines 414--415
 [][] 
 []

[12

] [13 <./images/red_images/q7i1.jpg>] [14 <./images/red_images/q7i2.jpg>]
(./assignment_os.aux) ) 
Here is how much of TeX's memory you used:
 2843 strings out of 492167
 40117 string characters out of 6131558
 117947 words of memory out of 5000000
 7155 multiletter control sequences out of 15000+600000
 9817 words of font info for 34 fonts, out of 8000000 for 9000
 1141 hyphenation exceptions out of 8191
 46i,10n,37p,449b,299s stack positions out of 5000i,500n,10000p,200000b,80000s
</usr/share/texmf-dist/fonts/type1/public/amsfonts/cm/cm
bx10.pfb></usr/share/texmf-dist/fonts/type1/public/amsfonts/cm/cmbx12.pfb></usr
/share/texmf-dist/fonts/type1/public/amsfonts/cm/cmcsc10.pfb></usr/share/texmf-
dist/fonts/type1/public/amsfonts/cm/cmmib10.pfb></usr/share/texmf-dist/fonts/ty
pe1/public/amsfonts/cm/cmr10.pfb></usr/share/texmf-dist/fonts/type1/public/amsf
onts/cm/cmr12.pfb></usr/share/texmf-dist/fonts/type1/public/amsfonts/cm/cmti10.
pfb>
Output written on assignment_os.pdf (16 pages, 1327940 bytes).
PDF statistics:
 96 PDF objects out of 1000 (max. 8388607)
 58 compressed objects within 1 object stream
 0 named destinations out of 1000 (max. 500000)
 61 words of extra memory for PDF output out of 10000 (max. 10000000)

