This is pdfTeX, Version 3.14159265-2.6-1.40.20 (TeX Live 2019/Arch Linux) (preloaded format=pdflatex 2020.2.19)  24 MAR 2020 07:51
entering extended mode
 restricted \write18 enabled.
 %&-line parsing enabled.
**cssassignment.tex
(./cssassignment.tex
LaTeX2e <2019-10-01> patch level 1
(/usr/share/texmf-dist/tex/latex/base/article.cls
Document Class: article 2019/08/27 v1.4j Standard LaTeX document class
(/usr/share/texmf-dist/tex/latex/base/size10.clo
File: size10.clo 2019/08/27 v1.4j Standard LaTeX file (size option)
)
\c@part=\count80
\c@section=\count81
\c@subsection=\count82
\c@subsubsection=\count83
\c@paragraph=\count84
\c@subparagraph=\count85
\c@figure=\count86
\c@table=\count87
\abovecaptionskip=\skip41
\belowcaptionskip=\skip42
\bibindent=\dimen102
)
(/usr/share/texmf-dist/tex/latex/graphics/graphicx.sty
Package: graphicx 2017/06/01 v1.1a Enhanced LaTeX Graphics (DPC,SPQR)

(/usr/share/texmf-dist/tex/latex/graphics/keyval.sty
Package: keyval 2014/10/28 v1.15 key=value parser (DPC)
\KV@toks@=\toks14
)
(/usr/share/texmf-dist/tex/latex/graphics/graphics.sty
Package: graphics 2019/10/08 v1.3c Standard LaTeX Graphics (DPC,SPQR)

(/usr/share/texmf-dist/tex/latex/graphics/trig.sty
Package: trig 2016/01/03 v1.10 sin cos tan (DPC)
)
(/usr/share/texmf-dist/tex/latex/graphics-cfg/graphics.cfg
File: graphics.cfg 2016/06/04 v1.11 sample graphics configuration
)
Package graphics Info: Driver file: pdftex.def on input line 105.

(/usr/share/texmf-dist/tex/latex/graphics-def/pdftex.def
File: pdftex.def 2018/01/08 v1.0l Graphics/color driver for pdftex
))
\Gin@req@height=\dimen103
\Gin@req@width=\dimen104
)
(/usr/share/texmf-dist/tex/latex/xcolor/xcolor.sty
Package: xcolor 2016/05/11 v2.12 LaTeX color extensions (UK)

(/usr/share/texmf-dist/tex/latex/graphics-cfg/color.cfg
File: color.cfg 2016/01/02 v1.6 sample color configuration
)
Package xcolor Info: Driver file: pdftex.def on input line 225.
Package xcolor Info: Model `cmy' substituted by `cmy0' on input line 1348.
Package xcolor Info: Model `hsb' substituted by `rgb' on input line 1352.
Package xcolor Info: Model `RGB' extended on input line 1364.
Package xcolor Info: Model `HTML' substituted by `rgb' on input line 1366.
Package xcolor Info: Model `Hsb' substituted by `hsb' on input line 1367.
Package xcolor Info: Model `tHsb' substituted by `hsb' on input line 1368.
Package xcolor Info: Model `HSB' substituted by `hsb' on input line 1369.
Package xcolor Info: Model `Gray' substituted by `gray' on input line 1370.
Package xcolor Info: Model `wave' substituted by `hsb' on input line 1371.
)
(/usr/share/texmf-dist/tex/latex/titlesec/titlesec.sty
Package: titlesec 2019/10/16 v2.13 Sectioning titles
\ttl@box=\box27
\beforetitleunit=\skip43
\aftertitleunit=\skip44
\ttl@plus=\dimen105
\ttl@minus=\dimen106
\ttl@toksa=\toks15
\titlewidth=\dimen107
\titlewidthlast=\dimen108
\titlewidthfirst=\dimen109
)
(/usr/share/texmf-dist/tex/latex/tools/indentfirst.sty
Package: indentfirst 1995/11/23 v1.03 Indent first paragraph (DPC)
)
(/usr/share/texmf-dist/tex/latex/setspace/setspace.sty
Package: setspace 2011/12/19 v6.7a set line spacing
)
(/usr/share/texmf-dist/tex/latex/enumitem/enumitem.sty
Package: enumitem 2019/06/20 v3.9 Customized lists
\labelindent=\skip45
\enit@outerparindent=\dimen110
\enit@toks=\toks16
\enit@inbox=\box28
\enit@count@id=\count88
\enitdp@description=\count89
)
(/usr/share/texmf-dist/tex/latex/base/inputenc.sty
Package: inputenc 2018/08/11 v1.3c Input encoding file
\inpenc@prehook=\toks17
\inpenc@posthook=\toks18
)

LaTeX Warning: Unused global option(s):
    [1pt].

(./cssassignment.aux)
\openout1 = `cssassignment.aux'.

LaTeX Font Info:    Checking defaults for OML/cmm/m/it on input line 16.
LaTeX Font Info:    ... okay on input line 16.
LaTeX Font Info:    Checking defaults for T1/cmr/m/n on input line 16.
LaTeX Font Info:    ... okay on input line 16.
LaTeX Font Info:    Checking defaults for OT1/cmr/m/n on input line 16.
LaTeX Font Info:    ... okay on input line 16.
LaTeX Font Info:    Checking defaults for OMS/cmsy/m/n on input line 16.
LaTeX Font Info:    ... okay on input line 16.
LaTeX Font Info:    Checking defaults for OMX/cmex/m/n on input line 16.
LaTeX Font Info:    ... okay on input line 16.
LaTeX Font Info:    Checking defaults for U/cmr/m/n on input line 16.
LaTeX Font Info:    ... okay on input line 16.

(/usr/share/texmf-dist/tex/context/base/mkii/supp-pdf.mkii
[Loading MPS to PDF converter (version 2006.09.02).]
\scratchcounter=\count90
\scratchdimen=\dimen111
\scratchbox=\box29
\nofMPsegments=\count91
\nofMParguments=\count92
\everyMPshowfont=\toks19
\MPscratchCnt=\count93
\MPscratchDim=\dimen112
\MPnumerator=\count94
\makeMPintoPDFobject=\count95
\everyMPtoPDFconversion=\toks20
) (/usr/share/texmf-dist/tex/latex/oberdiek/epstopdf-base.sty
Package: epstopdf-base 2016/05/15 v2.6 Base part for package epstopdf

(/usr/share/texmf-dist/tex/generic/oberdiek/infwarerr.sty
Package: infwarerr 2016/05/16 v1.4 Providing info/warning/error messages (HO)
)
(/usr/share/texmf-dist/tex/latex/oberdiek/grfext.sty
Package: grfext 2016/05/16 v1.2 Manage graphics extensions (HO)

(/usr/share/texmf-dist/tex/generic/oberdiek/kvdefinekeys.sty
Package: kvdefinekeys 2016/05/16 v1.4 Define keys (HO)

(/usr/share/texmf-dist/tex/generic/oberdiek/ltxcmds.sty
Package: ltxcmds 2016/05/16 v1.23 LaTeX kernel commands for general use (HO)
)))
(/usr/share/texmf-dist/tex/latex/oberdiek/kvoptions.sty
Package: kvoptions 2016/05/16 v3.12 Key value format for package options (HO)

(/usr/share/texmf-dist/tex/generic/oberdiek/kvsetkeys.sty
Package: kvsetkeys 2016/05/16 v1.17 Key value parser (HO)

(/usr/share/texmf-dist/tex/generic/oberdiek/etexcmds.sty
Package: etexcmds 2016/05/16 v1.6 Avoid name clashes with e-TeX commands (HO)

(/usr/share/texmf-dist/tex/generic/oberdiek/ifluatex.sty
Package: ifluatex 2016/05/16 v1.4 Provides the ifluatex switch (HO)
Package ifluatex Info: LuaTeX not detected.
))))
(/usr/share/texmf-dist/tex/generic/oberdiek/pdftexcmds.sty
Package: pdftexcmds 2019/07/25 v0.30 Utility functions of pdfTeX for LuaTeX (HO
)

(/usr/share/texmf-dist/tex/generic/oberdiek/ifpdf.sty
Package: ifpdf 2018/09/07 v3.3 Provides the ifpdf switch
)
Package pdftexcmds Info: LuaTeX not detected.
Package pdftexcmds Info: \pdf@primitive is available.
Package pdftexcmds Info: \pdf@ifprimitive is available.
Package pdftexcmds Info: \pdfdraftmode found.
)
Package epstopdf-base Info: Redefining graphics rule for `.eps' on input line 4
38.
Package grfext Info: Graphics extension search list:
(grfext)             [.pdf,.png,.jpg,.mps,.jpeg,.jbig2,.jb2,.PDF,.PNG,.JPG,.JPE
G,.JBIG2,.JB2,.eps]
(grfext)             \AppendGraphicsExtensions on input line 456.

(/usr/share/texmf-dist/tex/latex/latexconfig/epstopdf-sys.cfg
File: epstopdf-sys.cfg 2010/07/13 v1.3 Configuration of (r)epstopdf for TeX Liv
e
))
LaTeX Font Info:    External font `cmex10' loaded for size
(Font)              <12> on input line 18.
LaTeX Font Info:    External font `cmex10' loaded for size
(Font)              <8> on input line 18.
LaTeX Font Info:    External font `cmex10' loaded for size
(Font)              <6> on input line 18.

(./cssassignment.toc
LaTeX Font Info:    External font `cmex10' loaded for size
(Font)              <7> on input line 3.
LaTeX Font Info:    External font `cmex10' loaded for size
(Font)              <5> on input line 3.
)
\tf@toc=\write3
\openout3 = `cssassignment.toc'.

 (./cssassignment.lot)
\tf@lot=\write4
\openout4 = `cssassignment.lot'.

 (./cssassignment.lof [1

{/var/lib/texmf/fonts/map/pdftex/updmap/pdftex.map}])
\tf@lof=\write5
\openout5 = `cssassignment.lof'.

 [2]
LaTeX Font Info:    Trying to load font information for OMS+cmr on input line 4
0.

(/usr/share/texmf-dist/tex/latex/base/omscmr.fd
File: omscmr.fd 2014/09/29 v2.5h Standard LaTeX font definitions
)
LaTeX Font Info:    Font shape `OMS/cmr/m/n' in size <10> not available
(Font)              Font shape `OMS/cmsy/m/n' tried instead on input line 40.
LaTeX Font Info:    Trying to load font information for OML+cmr on input line 6
2.

(/usr/share/texmf-dist/tex/latex/base/omlcmr.fd
File: omlcmr.fd 2014/09/29 v2.5h Standard LaTeX font definitions
)
LaTeX Font Info:    Font shape `OML/cmr/m/n' in size <10> not available
(Font)              Font shape `OML/cmm/m/it' tried instead on input line 62.
<images/2020-03-23-224542_996x446_scrot.png, id=16, 999.735pt x 447.6725pt>
File: images/2020-03-23-224542_996x446_scrot.png Graphic file (type png)
<use images/2020-03-23-224542_996x446_scrot.png>
Package pdftex.def Info: images/2020-03-23-224542_996x446_scrot.png  used on in
put line 70.
(pdftex.def)             Requested size: 345.0pt x 154.48816pt.
 [1

 <./images/2020-03-23-224542_996x446_scrot.png>]
<images/2020-03-23-224635_996x431_scrot.png, id=22, 999.735pt x 432.61626pt>
File: images/2020-03-23-224635_996x431_scrot.png Graphic file (type png)
<use images/2020-03-23-224635_996x431_scrot.png>
Package pdftex.def Info: images/2020-03-23-224635_996x431_scrot.png  used on in
put line 84.
(pdftex.def)             Requested size: 345.0pt x 149.29237pt.
<images/2020-03-23-224759_996x431_scrot.png, id=23, 999.735pt x 432.61626pt>
File: images/2020-03-23-224759_996x431_scrot.png Graphic file (type png)
<use images/2020-03-23-224759_996x431_scrot.png>
Package pdftex.def Info: images/2020-03-23-224759_996x431_scrot.png  used on in
put line 98.
(pdftex.def)             Requested size: 345.0pt x 149.29237pt.
<images/2020-03-23-225058_996x431_scrot.png, id=24, 999.735pt x 432.61626pt>
File: images/2020-03-23-225058_996x431_scrot.png Graphic file (type png)
<use images/2020-03-23-225058_996x431_scrot.png>
Package pdftex.def Info: images/2020-03-23-225058_996x431_scrot.png  used on in
put line 113.
(pdftex.def)             Requested size: 345.0pt x 149.29237pt.
 [2 <./images/2020-03-23-224635_996x431_scrot.png> <./images/2020-03-23-224759_
996x431_scrot.png>]
<images/2020-03-24-002817_843x519_scrot.png, id=28, 846.16125pt x 520.94624pt>
File: images/2020-03-24-002817_843x519_scrot.png Graphic file (type png)
<use images/2020-03-24-002817_843x519_scrot.png>
Package pdftex.def Info: images/2020-03-24-002817_843x519_scrot.png  used on in
put line 129.
(pdftex.def)             Requested size: 241.49895pt x 148.67789pt.
<images/2020-03-23-225413_1302x688_scrot.png, id=29, 1306.8825pt x 690.58pt>
File: images/2020-03-23-225413_1302x688_scrot.png Graphic file (type png)
<use images/2020-03-23-225413_1302x688_scrot.png>
Package pdftex.def Info: images/2020-03-23-225413_1302x688_scrot.png  used on i
nput line 140.
(pdftex.def)             Requested size: 345.0pt x 182.29681pt.
 [3 <./images/2020-03-23-225058_996x431_scrot.png> <./images/2020-03-24-002817_
843x519_scrot.png>]
<images/2020-03-23-225436_1302x688_scrot.png, id=33, 1306.8825pt x 690.58pt>
File: images/2020-03-23-225436_1302x688_scrot.png Graphic file (type png)
<use images/2020-03-23-225436_1302x688_scrot.png>
Package pdftex.def Info: images/2020-03-23-225436_1302x688_scrot.png  used on i
nput line 151.
(pdftex.def)             Requested size: 345.0pt x 182.29681pt.
<images/2020-03-23-225534_1302x688_scrot.png, id=34, 1306.8825pt x 690.58pt>
File: images/2020-03-23-225534_1302x688_scrot.png Graphic file (type png)
<use images/2020-03-23-225534_1302x688_scrot.png>
Package pdftex.def Info: images/2020-03-23-225534_1302x688_scrot.png  used on i
nput line 162.
(pdftex.def)             Requested size: 345.0pt x 182.29681pt.
 [4 <./images/2020-03-23-225413_1302x688_scrot.png> <./images/2020-03-23-225436
_1302x688_scrot.png>]
<images/2020-03-23-225605_1302x688_scrot.png, id=38, 1306.8825pt x 690.58pt>
File: images/2020-03-23-225605_1302x688_scrot.png Graphic file (type png)
<use images/2020-03-23-225605_1302x688_scrot.png>
Package pdftex.def Info: images/2020-03-23-225605_1302x688_scrot.png  used on i
nput line 174.
(pdftex.def)             Requested size: 345.0pt x 182.29681pt.
[5 <./images/2020-03-23-225534_1302x688_scrot.png> <./images/2020-03-23-225605_
1302x688_scrot.png>]
<images/2020-03-23-230041_1302x688_scrot.png, id=43, 1306.8825pt x 690.58pt>
File: images/2020-03-23-230041_1302x688_scrot.png Graphic file (type png)
<use images/2020-03-23-230041_1302x688_scrot.png>
Package pdftex.def Info: images/2020-03-23-230041_1302x688_scrot.png  used on i
nput line 191.
(pdftex.def)             Requested size: 345.0pt x 182.29681pt.
<images/2020-03-23-233023_996x491_scrot.png, id=44, 999.735pt x 492.84125pt>
File: images/2020-03-23-233023_996x491_scrot.png Graphic file (type png)
<use images/2020-03-23-233023_996x491_scrot.png>
Package pdftex.def Info: images/2020-03-23-233023_996x491_scrot.png  used on in
put line 203.
(pdftex.def)             Requested size: 345.0pt x 170.07553pt.
 [6 <./images/2020-03-23-230041_1302x688_scrot.png> <./images/2020-03-23-233023
_996x491_scrot.png>]
<images/2020-03-23-230626_996x431_scrot.png, id=48, 999.735pt x 432.61626pt>
File: images/2020-03-23-230626_996x431_scrot.png Graphic file (type png)
<use images/2020-03-23-230626_996x431_scrot.png>
Package pdftex.def Info: images/2020-03-23-230626_996x431_scrot.png  used on in
put line 217.
(pdftex.def)             Requested size: 345.0pt x 149.29237pt.
<images/2020-03-23-231213_996x491_scrot.png, id=49, 999.735pt x 492.84125pt>
File: images/2020-03-23-231213_996x491_scrot.png Graphic file (type png)
<use images/2020-03-23-231213_996x491_scrot.png>
Package pdftex.def Info: images/2020-03-23-231213_996x491_scrot.png  used on in
put line 227.
(pdftex.def)             Requested size: 345.0pt x 170.07553pt.
<images/2020-03-23-231849_996x491_scrot.png, id=50, 999.735pt x 492.84125pt>
File: images/2020-03-23-231849_996x491_scrot.png Graphic file (type png)
<use images/2020-03-23-231849_996x491_scrot.png>
Package pdftex.def Info: images/2020-03-23-231849_996x491_scrot.png  used on in
put line 233.
(pdftex.def)             Requested size: 345.0pt x 170.07553pt.
<images/2020-03-23-232050_996x491_scrot.png, id=51, 999.735pt x 492.84125pt>
File: images/2020-03-23-232050_996x491_scrot.png Graphic file (type png)
<use images/2020-03-23-232050_996x491_scrot.png>
Package pdftex.def Info: images/2020-03-23-232050_996x491_scrot.png  used on in
put line 239.
(pdftex.def)             Requested size: 345.0pt x 170.07553pt.
 [7 <./images/2020-03-23-230626_996x431_scrot.png> <./images/2020-03-23-231213_
996x491_scrot.png>]
<images/2020-03-23-232348_996x491_scrot.png, id=55, 999.735pt x 492.84125pt>
File: images/2020-03-23-232348_996x491_scrot.png Graphic file (type png)
<use images/2020-03-23-232348_996x491_scrot.png>
Package pdftex.def Info: images/2020-03-23-232348_996x491_scrot.png  used on in
put line 253.
(pdftex.def)             Requested size: 345.0pt x 170.07553pt.
<images/2020-03-23-233647_996x491_scrot.png, id=56, 999.735pt x 492.84125pt>
File: images/2020-03-23-233647_996x491_scrot.png Graphic file (type png)
<use images/2020-03-23-233647_996x491_scrot.png>
Package pdftex.def Info: images/2020-03-23-233647_996x491_scrot.png  used on in
put line 259.
(pdftex.def)             Requested size: 345.0pt x 170.07553pt.
<images/2020-03-23-233736_996x491_scrot.png, id=57, 999.735pt x 492.84125pt>
File: images/2020-03-23-233736_996x491_scrot.png Graphic file (type png)
<use images/2020-03-23-233736_996x491_scrot.png>
Package pdftex.def Info: images/2020-03-23-233736_996x491_scrot.png  used on in
put line 265.
(pdftex.def)             Requested size: 345.0pt x 170.07553pt.
 [8 <./images/2020-03-23-231849_996x491_scrot.png> <./images/2020-03-23-232050_
996x491_scrot.png>]
[9 <./images/2020-03-23-232348_996x491_scrot.png> <./images/2020-03-23-233647_9
96x491_scrot.png>] [10 <./images/2020-03-23-233736_996x491_scrot.png>]
(./cssassignment.aux) ) 
Here is how much of TeX's memory you used:
 2791 strings out of 492167
 42365 string characters out of 6131558
 114599 words of memory out of 5000000
 7100 multiletter control sequences out of 15000+600000
 8803 words of font info for 31 fonts, out of 8000000 for 9000
 1141 hyphenation exceptions out of 8191
 46i,6n,37p,290b,230s stack positions out of 5000i,500n,10000p,200000b,80000s
</usr/share/texmf-dist/fonts/type1/public/amsfonts/cm/cm
bx10.pfb></usr/share/texmf-dist/fonts/type1/public/amsfonts/cm/cmbx12.pfb></usr
/share/texmf-dist/fonts/type1/public/amsfonts/cm/cmbx9.pfb></usr/share/texmf-di
st/fonts/type1/public/amsfonts/cm/cmcsc10.pfb></usr/share/texmf-dist/fonts/type
1/public/amsfonts/cm/cmmi10.pfb></usr/share/texmf-dist/fonts/type1/public/amsfo
nts/cm/cmr10.pfb></usr/share/texmf-dist/fonts/type1/public/amsfonts/cm/cmr12.pf
b></usr/share/texmf-dist/fonts/type1/public/amsfonts/cm/cmr9.pfb></usr/share/te
xmf-dist/fonts/type1/public/amsfonts/cm/cmsy10.pfb>
Output written on cssassignment.pdf (12 pages, 1149869 bytes).
PDF statistics:
 97 PDF objects out of 1000 (max. 8388607)
 55 compressed objects within 1 object stream
 0 named destinations out of 1000 (max. 500000)
 91 words of extra memory for PDF output out of 10000 (max. 10000000)

