Case #1:
1 1 1 0 0
0 1 1 1 1
1 1 1 0 0
1 1 1 0 1
0 1 1 1 1
-------------------------------
size: 24
RDDDDRRR
RDDDRDRR
RDDLDRDRRR
RDDLDRRDRR
RDDRDDRR
RDDRDLDRRR
RDRDDDRR
RDRDDLDRRR
RDRDLDDRRR
RDRDLDRDRR
RDRDLLDRDRRR
RDRDLLDRRDRR
RRDDDDRR
RRDDDLDRRR
RRDDLDDRRR
RRDDLDRDRR
RRDDLLDRDRRR
RRDDLLDRRDRR
RRDLDDDRRR
RRDLDDRDRR
RRDLDLDRDRRR
RRDLDLDRRDRR
RRDLDRDDRR
RRDLDRDLDRRR
Case #2:
1 0 0 0
1 1 1 1
1 0 1 0
1 0 1 1
-------------------------------
size: 1
DRRDDR
Case #3:
1 0 0 0
1 1 0 1
1 1 0 0
0 1 1 1
-------------------------------
size: 2
DDRDRR
DRDDRR
