This file contains any messages produced by compilers while
running configure, to aid debugging if configure makes a mistake.

It was created by configure, which was
generated by GNU Autoconf 2.69.  Invocation command line was

  $ ./configure CC=gcc

## --------- ##
## Platform. ##
## --------- ##

hostname = server
uname -m = x86_64
uname -r = 5.4.67-1-MANJARO
uname -s = Linux
uname -v = #1 SMP PREEMPT Wed Sep 23 14:20:18 UTC 2020

/usr/bin/uname -p = unknown
/bin/uname -X     = unknown

/bin/arch              = unknown
/usr/bin/arch -k       = unknown
/usr/convex/getsysinfo = unknown
/usr/bin/hostinfo      = unknown
/bin/machine           = unknown
/usr/bin/oslevel       = unknown
/bin/universe          = unknown

PATH: /home/raytracer/.local/bin
PATH: /home/raytracer/.local/bin
PATH: /usr/local/bin
PATH: /usr/bin
PATH: /bin
PATH: /usr/local/sbin
PATH: /usr/lib/jvm/default/bin
PATH: /home/raytracer/.local/bin/.scripts/make_arch_wall
PATH: /home/raytracer/.local/bin/.scripts/python_scripts
PATH: /home/raytracer/.local/bin/.scripts/some-random
PATH: /home/raytracer/.local/bin/.scripts/i3ass/src
PATH: /home/raytracer/.local/bin/.scripts/i3ass/man
PATH: /home/raytracer/.local/bin/.scripts/i3ass
PATH: /home/raytracer/.local/bin/.scripts/fdsa
PATH: /home/raytracer/.local/bin/.scripts/cron_scripts
PATH: /home/raytracer/.local/bin/.scripts/mshscripts
PATH: /home/raytracer/.local/bin/.scripts/audio_setup
PATH: /home/raytracer/.local/bin/.scripts/
PATH: /home/raytracer/.gem/ruby/2.7.0/bin
PATH: /home/raytracer/.cargo/bin
PATH: /home/raytracer/Downloads/golib/bin
PATH: /home/raytracer/.fzf/bin
PATH: /usr/lib/jvm/default/bin


## ----------- ##
## Core tests. ##
## ----------- ##

configure:1725: checking for clang,
configure:1752: result: gcc
configure:2068: checking for C compiler version
configure:2077: gcc --version >&5
gcc (GCC) 10.2.0
Copyright (C) 2020 Free Software Foundation, Inc.
This is free software; see the source for copying conditions.  There is NO
warranty; not even for MERCHANTABILITY or FITNESS FOR A PARTICULAR PURPOSE.

configure:2088: $? = 0
configure:2077: gcc -v >&5
Using built-in specs.
COLLECT_GCC=gcc
COLLECT_LTO_WRAPPER=/usr/lib/gcc/x86_64-pc-linux-gnu/10.2.0/lto-wrapper
Target: x86_64-pc-linux-gnu
Configured with: /build/gcc/src/gcc/configure --prefix=/usr --libdir=/usr/lib --libexecdir=/usr/lib --mandir=/usr/share/man --infodir=/usr/share/info --with-bugurl=https://bugs.archlinux.org/ --enable-languages=c,c++,ada,fortran,go,lto,objc,obj-c++,d --with-isl --with-linker-hash-style=gnu --with-system-zlib --enable-__cxa_atexit --enable-cet=auto --enable-checking=release --enable-clocale=gnu --enable-default-pie --enable-default-ssp --enable-gnu-indirect-function --enable-gnu-unique-object --enable-install-libiberty --enable-linker-build-id --enable-lto --enable-multilib --enable-plugin --enable-shared --enable-threads=posix --disable-libssp --disable-libstdcxx-pch --disable-libunwind-exceptions --disable-werror gdc_include_dir=/usr/include/dlang/gdc
Thread model: posix
Supported LTO compression algorithms: zlib zstd
gcc version 10.2.0 (GCC) 
configure:2088: $? = 0
configure:2077: gcc -V >&5
gcc: error: unrecognized command-line option '-V'
gcc: fatal error: no input files
compilation terminated.
configure:2088: $? = 1
configure:2077: gcc -qversion >&5
gcc: error: unrecognized command-line option '-qversion'; did you mean '--version'?
gcc: fatal error: no input files
compilation terminated.
configure:2088: $? = 1
configure:2108: checking whether the C compiler works
configure:2130: gcc    conftest.c  >&5
configure:2134: $? = 0
configure:2182: result: yes
configure:2185: checking for C compiler default output file name
configure:2187: result: a.out
configure:2193: checking for suffix of executables
configure:2200: gcc -o conftest    conftest.c  >&5
configure:2204: $? = 0
configure:2226: result: 
configure:2248: checking whether we are cross compiling
configure:2256: gcc -o conftest    conftest.c  >&5
configure:2260: $? = 0
configure:2267: ./conftest
configure:2271: $? = 0
configure:2259: result: no
configure:2264: checking for suffix of object files
configure:2286: gcc -c   conftest.c >&5
configure:2290: $? = 0
configure:2311: result: o
configure:2315: checking whether we are using the GNU C compiler
configure:2334: gcc -c   conftest.c >&5
configure:2334: $? = 0
configure:2343: result: yes
configure:2352: checking whether gcc accepts -g
configure:2372: gcc -c -g  conftest.c >&5
configure:2372: $? = 0
configure:2413: result: yes
configure:2430: checking for gcc option to accept ISO C89
configure:2493: gcc  -c -g -O2  conftest.c >&5
configure:2493: $? = 0
configure:2506: result: none needed
configure:2672: creating ./config.status

## ---------------------- ##
## Running config.status. ##
## ---------------------- ##

This file was extended by config.status, which was
generated by GNU Autoconf 2.69.  Invocation command line was

  CONFIG_FILES    = 
  CONFIG_HEADERS  = 
  CONFIG_LINKS    = 
  CONFIG_COMMANDS = 
  $ ./config.status 

on server

config.status:714: creating makefile9.config

## ---------------- ##
## Cache variables. ##
## ---------------- ##

ac_cv_c_compiler_gnu=yes
ac_cv_env_CC_set=set
ac_cv_env_CC_value=gcc
ac_cv_env_CFLAGS_set=
ac_cv_env_CFLAGS_value=
ac_cv_env_CPPFLAGS_set=
ac_cv_env_CPPFLAGS_value=
ac_cv_env_LDFLAGS_set=
ac_cv_env_LDFLAGS_value=
ac_cv_env_LIBS_set=
ac_cv_env_LIBS_value=
ac_cv_env_build_alias_set=
ac_cv_env_build_alias_value=
ac_cv_env_host_alias_set=
ac_cv_env_host_alias_value=
ac_cv_env_target_alias_set=
ac_cv_env_target_alias_value=
ac_cv_objext=o
ac_cv_prog_CC=gcc
ac_cv_prog_cc_c89=
ac_cv_prog_cc_g=yes

## ----------------- ##
## Output variables. ##
## ----------------- ##

CC='gcc'
CFLAGS='-g -O2'
CPPFLAGS=''
DEFS='-DPACKAGE_NAME=\"\" -DPACKAGE_TARNAME=\"\" -DPACKAGE_VERSION=\"\" -DPACKAGE_STRING=\"\" -DPACKAGE_BUGREPORT=\"\" -DPACKAGE_URL=\"\"'
ECHO_C=''
ECHO_N='-n'
ECHO_T=''
EXEEXT=''
LDFLAGS=''
LIBOBJS=''
LIBS=''
LTLIBOBJS=''
OBJEXT='o'
PACKAGE_BUGREPORT=''
PACKAGE_NAME=''
PACKAGE_STRING=''
PACKAGE_TARNAME=''
PACKAGE_URL=''
PACKAGE_VERSION=''
PATH_SEPARATOR=':'
SHELL='/bin/sh'
ac_ct_CC=''
bindir='${exec_prefix}/bin'
build_alias=''
datadir='${datarootdir}'
datarootdir='${prefix}/share'
docdir='${datarootdir}/doc/${PACKAGE}'
dvidir='${docdir}'
exec_prefix='${prefix}'
host_alias=''
htmldir='${docdir}'
includedir='${prefix}/include'
infodir='${datarootdir}/info'
libdir='${exec_prefix}/lib'
libexecdir='${exec_prefix}/libexec'
localedir='${datarootdir}/locale'
localstatedir='${prefix}/var'
mandir='${datarootdir}/man'
oldincludedir='/usr/include'
pdfdir='${docdir}'
prefix='/usr/local'
program_transform_name='s,x,x,'
psdir='${docdir}'
sbindir='${exec_prefix}/sbin'
sharedstatedir='${prefix}/com'
sysconfdir='${prefix}/etc'
target_alias=''

## ----------- ##
## confdefs.h. ##
## ----------- ##

/* confdefs.h */
#define PACKAGE_NAME ""
#define PACKAGE_TARNAME ""
#define PACKAGE_VERSION ""
#define PACKAGE_STRING ""
#define PACKAGE_BUGREPORT ""
#define PACKAGE_URL ""

configure: exit 0
